<?xml version="1.0" encoding="UTF-8"?>
<!-- Generated by org.testng.reporters.JUnitReportReporter -->
<testsuite hostname="LAPTOP-ALB1PIQL" failures="0" tests="1" name="nativeApp.ApiDemo" time="4.778" errors="0" timestamp="2024-09-16T15:38:30 IST" skipped="0">
  <testcase classname="nativeApp.ApiDemo" name="tc" time="4.778"/>
</testsuite> <!-- nativeApp.ApiDemo -->
